<?xml version="1.0" encoding="UTF-8"?>
<!-- Generated by org.testng.reporters.JUnitReportReporter -->
<testsuite hostname="LAPTOP-SO85N89J" name="org.testngframe.MobilePurchase" tests="5" failures="0" timestamp="15 Jul 2022 10:20:26 GMT" time="7.138" errors="0">
  <testcase name="search" time="0.188" classname="org.testngframe.MobilePurchase"/>
  <testcase name="screenShot" time="0.382" classname="org.testngframe.MobilePurchase"/>
  <testcase name="mobile" time="4.435" classname="org.testngframe.MobilePurchase"/>
  <testcase name="window" time="1.946" classname="org.testngframe.MobilePurchase"/>
  <testcase name="login" time="0.187" classname="org.testngframe.MobilePurchase"/>
</testsuite> <!-- org.testngframe.MobilePurchase -->
