<?xml version="1.0" encoding="UTF-8"?>
<!-- Generated by org.testng.reporters.JUnitReportReporter -->
<testsuite hostname="LAPTOP-SO85N89J" name="org.testngframe.CoverPurchase3" tests="1" failures="0" timestamp="15 Jul 2022 09:32:41 GMT" time="0.003" errors="0">
  <testcase name="cover" time="0.003" classname="org.testngframe.CoverPurchase3"/>
</testsuite> <!-- org.testngframe.CoverPurchase3 -->
