<?xml version="1.0" encoding="UTF-8"?>
<!-- Generated by org.testng.reporters.JUnitReportReporter -->
<testsuite hostname="LAPTOP-SO85N89J" name="org.testngframe.TvPurchase2" tests="6" failures="0" timestamp="15 Jul 2022 10:19:54 GMT" time="0.017" errors="0">
  <testcase name="login" time="0.005" classname="org.testngframe.TvPurchase2"/>
  <testcase name="login" time="0.001" classname="org.testngframe.TvPurchase2"/>
  <testcase name="window" time="0.001" classname="org.testngframe.TvPurchase2"/>
  <testcase name="search" time="0.001" classname="org.testngframe.TvPurchase2"/>
  <testcase name="tv" time="0.002" classname="org.testngframe.TvPurchase2"/>
  <testcase name="screenShot" time="0.007" classname="org.testngframe.TvPurchase2"/>
</testsuite> <!-- org.testngframe.TvPurchase2 -->
